{"numFailedTestSuites":0,"numFailedTests":0,"numPassedTestSuites":1,"numPassedTests":33,"numPendingTestSuites":0,"numPendingTests":0,"numRuntimeErrorTestSuites":0,"numTodoTests":0,"numTotalTestSuites":1,"numTotalTests":33,"openHandles":[],"snapshot":{"added":0,"didUpdate":false,"failure":false,"filesAdded":0,"filesRemoved":0,"filesRemovedList":[],"filesUnmatched":0,"filesUpdated":0,"matched":0,"total":0,"unchecked":0,"uncheckedKeysByFile":[],"unmatched":0,"updated":0},"startTime":1771469674169,"success":true,"testResults":[{"assertionResults":[{"ancestorTitles":["checkWinner"],"duration":1,"failureDetails":[],"failureMessages":[],"fullName":"checkWinner detects X win at [0,1,2]","invocations":1,"location":null,"numPassingAsserts":1,"retryReasons":[],"status":"passed","title":"detects X win at [0,1,2]"},{"ancestorTitles":["checkWinner"],"duration":0,"failureDetails":[],"failureMessages":[],"fullName":"checkWinner detects X win at [3,4,5]","invocations":1,"location":null,"numPassingAsserts":1,"retryReasons":[],"status":"passed","title":"detects X win at [3,4,5]"},{"ancestorTitles":["checkWinner"],"duration":0,"failureDetails":[],"failureMessages":[],"fullName":"checkWinner detects X win at [6,7,8]","invocations":1,"location":null,"numPassingAsserts":1,"retryReasons":[],"status":"passed","title":"detects X win at [6,7,8]"},{"ancestorTitles":["checkWinner"],"duration":1,"failureDetails":[],"failureMessages":[],"fullName":"checkWinner detects X win at [0,3,6]","invocations":1,"location":null,"numPassingAsserts":1,"retryReasons":[],"status":"passed","title":"detects X win at [0,3,6]"},{"ancestorTitles":["checkWinner"],"duration":0,"failureDetails":[],"failureMessages":[],"fullName":"checkWinner detects X win at [1,4,7]","invocations":1,"location":null,"numPassingAsserts":1,"retryReasons":[],"status":"passed","title":"detects X win at [1,4,7]"},{"ancestorTitles":["checkWinner"],"duration":0,"failureDetails":[],"failureMessages":[],"fullName":"checkWinner detects X win at [2,5,8]","invocations":1,"location":null,"numPassingAsserts":1,"retryReasons":[],"status":"passed","title":"detects X win at [2,5,8]"},{"ancestorTitles":["checkWinner"],"duration":0,"failureDetails":[],"failureMessages":[],"fullName":"checkWinner detects X win at [0,4,8]","invocations":1,"location":null,"numPassingAsserts":1,"retryReasons":[],"status":"passed","title":"detects X win at [0,4,8]"},{"ancestorTitles":["checkWinner"],"duration":0,"failureDetails":[],"failureMessages":[],"fullName":"checkWinner detects X win at [2,4,6]","invocations":1,"location":null,"numPassingAsserts":1,"retryReasons":[],"status":"passed","title":"detects X win at [2,4,6]"},{"ancestorTitles":["checkWinner"],"duration":1,"failureDetails":[],"failureMessages":[],"fullName":"checkWinner detects O win at [0,1,2]","invocations":1,"location":null,"numPassingAsserts":1,"retryReasons":[],"status":"passed","title":"detects O win at [0,1,2]"},{"ancestorTitles":["checkWinner"],"duration":0,"failureDetails":[],"failureMessages":[],"fullName":"checkWinner detects O win at [3,4,5]","invocations":1,"location":null,"numPassingAsserts":1,"retryReasons":[],"status":"passed","title":"detects O win at [3,4,5]"},{"ancestorTitles":["checkWinner"],"duration":0,"failureDetails":[],"failureMessages":[],"fullName":"checkWinner detects O win at [6,7,8]","invocations":1,"location":null,"numPassingAsserts":1,"retryReasons":[],"status":"passed","title":"detects O win at [6,7,8]"},{"ancestorTitles":["checkWinner"],"duration":0,"failureDetails":[],"failureMessages":[],"fullName":"checkWinner detects O win at [0,3,6]","invocations":1,"location":null,"numPassingAsserts":1,"retryReasons":[],"status":"passed","title":"detects O win at [0,3,6]"},{"ancestorTitles":["checkWinner"],"duration":3,"failureDetails":[],"failureMessages":[],"fullName":"checkWinner detects O win at [1,4,7]","invocations":1,"location":null,"numPassingAsserts":1,"retryReasons":[],"status":"passed","title":"detects O win at [1,4,7]"},{"ancestorTitles":["checkWinner"],"duration":0,"failureDetails":[],"failureMessages":[],"fullName":"checkWinner detects O win at [2,5,8]","invocations":1,"location":null,"numPassingAsserts":1,"retryReasons":[],"status":"passed","title":"detects O win at [2,5,8]"},{"ancestorTitles":["checkWinner"],"duration":0,"failureDetails":[],"failureMessages":[],"fullName":"checkWinner detects O win at [0,4,8]","invocations":1,"location":null,"numPassingAsserts":1,"retryReasons":[],"status":"passed","title":"detects O win at [0,4,8]"},{"ancestorTitles":["checkWinner"],"duration":0,"failureDetails":[],"failureMessages":[],"fullName":"checkWinner detects O win at [2,4,6]","invocations":1,"location":null,"numPassingAsserts":1,"retryReasons":[],"status":"passed","title":"detects O win at [2,4,6]"},{"ancestorTitles":["checkWinner"],"duration":0,"failureDetails":[],"failureMessages":[],"fullName":"checkWinner returns draw when board is full with no winner","invocations":1,"location":null,"numPassingAsserts":1,"retryReasons":[],"status":"passed","title":"returns draw when board is full with no winner"},{"ancestorTitles":["checkWinner"],"duration":0,"failureDetails":[],"failureMessages":[],"fullName":"checkWinner returns null for in-progress game","invocations":1,"location":null,"numPassingAsserts":1,"retryReasons":[],"status":"passed","title":"returns null for in-progress game"},{"ancestorTitles":["checkWinner"],"duration":0,"failureDetails":[],"failureMessages":[],"fullName":"checkWinner returns null when only one cell is occupied","invocations":1,"location":null,"numPassingAsserts":1,"retryReasons":[],"status":"passed","title":"returns null when only one cell is occupied"},{"ancestorTitles":["minimax"],"duration":0,"failureDetails":[],"failureMessages":[],"fullName":"minimax returns positive score when O is about to win","invocations":1,"location":null,"numPassingAsserts":1,"retryReasons":[],"status":"passed","title":"returns positive score when O is about to win"},{"ancestorTitles":["minimax"],"duration":1,"failureDetails":[],"failureMessages":[],"fullName":"minimax returns negative score when X is about to win","invocations":1,"location":null,"numPassingAsserts":1,"retryReasons":[],"status":"passed","title":"returns negative score when X is about to win"},{"ancestorTitles":["minimax"],"duration":0,"failureDetails":[],"failureMessages":[],"fullName":"minimax returns 0 for a drawn position","invocations":1,"location":null,"numPassingAsserts":1,"retryReasons":[],"status":"passed","title":"returns 0 for a drawn position"},{"ancestorTitles":["bestMove"],"duration":0,"failureDetails":[],"failureMessages":[],"fullName":"bestMove takes the winning move when O can win in one","invocations":1,"location":null,"numPassingAsserts":1,"retryReasons":[],"status":"passed","title":"takes the winning move when O can win in one"},{"ancestorTitles":["bestMove"],"duration":1,"failureDetails":[],"failureMessages":[],"fullName":"bestMove blocks X from winning","invocations":1,"location":null,"numPassingAsserts":1,"retryReasons":[],"status":"passed","title":"blocks X from winning"},{"ancestorTitles":["bestMove"],"duration":19,"failureDetails":[],"failureMessages":[],"fullName":"bestMove picks a valid move on an empty board","invocations":1,"location":null,"numPassingAsserts":2,"retryReasons":[],"status":"passed","title":"picks a valid move on an empty board"},{"ancestorTitles":["findWinningMove"],"duration":0,"failureDetails":[],"failureMessages":[],"fullName":"findWinningMove finds winning cell for X","invocations":1,"location":null,"numPassingAsserts":1,"retryReasons":[],"status":"passed","title":"finds winning cell for X"},{"ancestorTitles":["findWinningMove"],"duration":0,"failureDetails":[],"failureMessages":[],"fullName":"findWinningMove finds winning cell for O","invocations":1,"location":null,"numPassingAsserts":1,"retryReasons":[],"status":"passed","title":"finds winning cell for O"},{"ancestorTitles":["findWinningMove"],"duration":0,"failureDetails":[],"failureMessages":[],"fullName":"findWinningMove returns -1 when no winning move exists","invocations":1,"location":null,"numPassingAsserts":1,"retryReasons":[],"status":"passed","title":"returns -1 when no winning move exists"},{"ancestorTitles":["pickAiMove"],"duration":0,"failureDetails":[],"failureMessages":[],"fullName":"pickAiMove easy mode returns a valid empty index","invocations":1,"location":null,"numPassingAsserts":3,"retryReasons":[],"status":"passed","title":"easy mode returns a valid empty index"},{"ancestorTitles":["pickAiMove"],"duration":0,"failureDetails":[],"failureMessages":[],"fullName":"pickAiMove medium mode takes an immediate win","invocations":1,"location":null,"numPassingAsserts":1,"retryReasons":[],"status":"passed","title":"medium mode takes an immediate win"},{"ancestorTitles":["pickAiMove"],"duration":0,"failureDetails":[],"failureMessages":[],"fullName":"pickAiMove medium mode blocks immediate X win","invocations":1,"location":null,"numPassingAsserts":1,"retryReasons":[],"status":"passed","title":"medium mode blocks immediate X win"},{"ancestorTitles":["pickAiMove"],"duration":1,"failureDetails":[],"failureMessages":[],"fullName":"pickAiMove hard mode returns the best move (same as bestMove)","invocations":1,"location":null,"numPassingAsserts":1,"retryReasons":[],"status":"passed","title":"hard mode returns the best move (same as bestMove)"},{"ancestorTitles":["pickAiMove"],"duration":0,"failureDetails":[],"failureMessages":[],"fullName":"pickAiMove returns -1 when board is full","invocations":1,"location":null,"numPassingAsserts":1,"retryReasons":[],"status":"passed","title":"returns -1 when board is full"}],"endTime":1771469674489,"message":"","name":"C:\\Development\\Projects\\Claude\\Hello World\\tests\\game.test.js","startTime":1771469674205,"status":"passed","summary":""}],"wasInterrupted":false}
